app/build/intermediates/manifest_merge_blame_file/debug/manifest-merger-blame-debug-report.txt
1<?xml version="1.0" encoding="utf-8"?>
2<manifest xmlns:android="http://schemas.android.com/apk/res/android"
3    package="com.smartnutrition.app"
4    android:versionCode="1"
5    android:versionName="1.0" >
6
7    <uses-sdk
8        android:minSdkVersion="24"
9        android:targetSdkVersion="34" />
10
11    <uses-permission android:name="android.permission.INTERNET" />
11-->src\main\AndroidManifest.xml:4:5-67
11-->src\main\AndroidManifest.xml:4:22-64
12
13    <permission
13-->[androidx.core:core:1.9.0] AndroidManifest.xml:22:5-24:47
14        android:name="com.smartnutrition.app.DYNAMIC_RECEIVER_NOT_EXPORTED_PERMISSION"
14-->[androidx.core:core:1.9.0] AndroidManifest.xml:23:9-81
15        android:protectionLevel="signature" />
15-->[androidx.core:core:1.9.0] AndroidManifest.xml:24:9-44
16
17    <uses-permission android:name="com.smartnutrition.app.DYNAMIC_RECEIVER_NOT_EXPORTED_PERMISSION" />
17-->[androidx.core:core:1.9.0] AndroidManifest.xml:26:5-97
17-->[androidx.core:core:1.9.0] AndroidManifest.xml:26:22-94
18
19    <application
19-->src\main\AndroidManifest.xml:6:5-73:19
20        android:allowBackup="true"
20-->src\main\AndroidManifest.xml:7:9-35
21        android:appComponentFactory="androidx.core.app.CoreComponentFactory"
21-->[androidx.core:core:1.9.0] AndroidManifest.xml:28:18-86
22        android:debuggable="true"
23        android:extractNativeLibs="false"
24        android:icon="@mipmap/ic_launcher"
24-->src\main\AndroidManifest.xml:8:9-43
25        android:label="@string/app_name"
25-->src\main\AndroidManifest.xml:9:9-41
26        android:roundIcon="@mipmap/ic_launcher_round"
26-->src\main\AndroidManifest.xml:10:9-54
27        android:supportsRtl="true"
27-->src\main\AndroidManifest.xml:11:9-35
28        android:testOnly="true"
29        android:theme="@style/Theme.SmartNutrition" >
29-->src\main\AndroidManifest.xml:12:9-52
30        <activity
30-->src\main\AndroidManifest.xml:14:9-23:20
31            android:name="com.smartnutrition.app.LoginActivity"
31-->src\main\AndroidManifest.xml:15:13-42
32            android:exported="true"
32-->src\main\AndroidManifest.xml:16:13-36
33            android:screenOrientation="portrait"
33-->src\main\AndroidManifest.xml:17:13-49
34            android:theme="@style/Theme.SmartNutrition" >
34-->src\main\AndroidManifest.xml:18:13-56
35            <intent-filter>
35-->src\main\AndroidManifest.xml:19:13-22:29
36                <action android:name="android.intent.action.MAIN" />
36-->src\main\AndroidManifest.xml:20:17-69
36-->src\main\AndroidManifest.xml:20:25-66
37
38                <category android:name="android.intent.category.LAUNCHER" />
38-->src\main\AndroidManifest.xml:21:17-77
38-->src\main\AndroidManifest.xml:21:27-74
39            </intent-filter>
40        </activity>
41        <activity
41-->src\main\AndroidManifest.xml:25:9-29:59
42            android:name="com.smartnutrition.app.ProfileSetupActivity"
42-->src\main\AndroidManifest.xml:26:13-49
43            android:exported="false"
43-->src\main\AndroidManifest.xml:27:13-37
44            android:screenOrientation="portrait"
44-->src\main\AndroidManifest.xml:28:13-49
45            android:theme="@style/Theme.SmartNutrition" />
45-->src\main\AndroidManifest.xml:29:13-56
46        <activity
46-->src\main\AndroidManifest.xml:31:9-35:59
47            android:name="com.smartnutrition.app.DashboardActivity"
47-->src\main\AndroidManifest.xml:32:13-46
48            android:exported="false"
48-->src\main\AndroidManifest.xml:33:13-37
49            android:screenOrientation="portrait"
49-->src\main\AndroidManifest.xml:34:13-49
50            android:theme="@style/Theme.SmartNutrition" />
50-->src\main\AndroidManifest.xml:35:13-56
51        <activity
51-->src\main\AndroidManifest.xml:37:9-41:59
52            android:name="com.smartnutrition.app.NutritionOverviewActivity"
52-->src\main\AndroidManifest.xml:38:13-54
53            android:exported="false"
53-->src\main\AndroidManifest.xml:39:13-37
54            android:screenOrientation="portrait"
54-->src\main\AndroidManifest.xml:40:13-49
55            android:theme="@style/Theme.SmartNutrition" />
55-->src\main\AndroidManifest.xml:41:13-56
56        <activity
56-->src\main\AndroidManifest.xml:43:9-47:59
57            android:name="com.smartnutrition.app.FoodAnalysisActivity"
57-->src\main\AndroidManifest.xml:44:13-49
58            android:exported="false"
58-->src\main\AndroidManifest.xml:45:13-37
59            android:screenOrientation="portrait"
59-->src\main\AndroidManifest.xml:46:13-49
60            android:theme="@style/Theme.SmartNutrition" />
60-->src\main\AndroidManifest.xml:47:13-56
61        <activity
61-->src\main\AndroidManifest.xml:49:9-53:59
62            android:name="com.smartnutrition.app.DietRecommendationsActivity"
62-->src\main\AndroidManifest.xml:50:13-56
63            android:exported="false"
63-->src\main\AndroidManifest.xml:51:13-37
64            android:screenOrientation="portrait"
64-->src\main\AndroidManifest.xml:52:13-49
65            android:theme="@style/Theme.SmartNutrition" />
65-->src\main\AndroidManifest.xml:53:13-56
66        <activity
66-->src\main\AndroidManifest.xml:55:9-59:59
67            android:name="com.smartnutrition.app.RecipesActivity"
67-->src\main\AndroidManifest.xml:56:13-44
68            android:exported="false"
68-->src\main\AndroidManifest.xml:57:13-37
69            android:screenOrientation="portrait"
69-->src\main\AndroidManifest.xml:58:13-49
70            android:theme="@style/Theme.SmartNutrition" />
70-->src\main\AndroidManifest.xml:59:13-56
71        <activity
71-->src\main\AndroidManifest.xml:61:9-65:59
72            android:name="com.smartnutrition.app.ProfileActivity"
72-->src\main\AndroidManifest.xml:62:13-44
73            android:exported="false"
73-->src\main\AndroidManifest.xml:63:13-37
74            android:screenOrientation="portrait"
74-->src\main\AndroidManifest.xml:64:13-49
75            android:theme="@style/Theme.SmartNutrition" />
75-->src\main\AndroidManifest.xml:65:13-56
76        <activity
76-->src\main\AndroidManifest.xml:67:9-71:59
77            android:name="com.smartnutrition.app.SettingsActivity"
77-->src\main\AndroidManifest.xml:68:13-45
78            android:exported="false"
78-->src\main\AndroidManifest.xml:69:13-37
79            android:screenOrientation="portrait"
79-->src\main\AndroidManifest.xml:70:13-49
80            android:theme="@style/Theme.SmartNutrition" />
80-->src\main\AndroidManifest.xml:71:13-56
81
82        <provider
82-->[androidx.emoji2:emoji2:1.2.0] AndroidManifest.xml:24:9-32:20
83            android:name="androidx.startup.InitializationProvider"
83-->[androidx.emoji2:emoji2:1.2.0] AndroidManifest.xml:25:13-67
84            android:authorities="com.smartnutrition.app.androidx-startup"
84-->[androidx.emoji2:emoji2:1.2.0] AndroidManifest.xml:26:13-68
85            android:exported="false" >
85-->[androidx.emoji2:emoji2:1.2.0] AndroidManifest.xml:27:13-37
86            <meta-data
86-->[androidx.emoji2:emoji2:1.2.0] AndroidManifest.xml:29:13-31:52
87                android:name="androidx.emoji2.text.EmojiCompatInitializer"
87-->[androidx.emoji2:emoji2:1.2.0] AndroidManifest.xml:30:17-75
88                android:value="androidx.startup" />
88-->[androidx.emoji2:emoji2:1.2.0] AndroidManifest.xml:31:17-49
89            <meta-data
89-->[androidx.lifecycle:lifecycle-process:2.6.1] AndroidManifest.xml:29:13-31:52
90                android:name="androidx.lifecycle.ProcessLifecycleInitializer"
90-->[androidx.lifecycle:lifecycle-process:2.6.1] AndroidManifest.xml:30:17-78
91                android:value="androidx.startup" />
91-->[androidx.lifecycle:lifecycle-process:2.6.1] AndroidManifest.xml:31:17-49
92            <meta-data
92-->[androidx.profileinstaller:profileinstaller:1.3.0] AndroidManifest.xml:29:13-31:52
93                android:name="androidx.profileinstaller.ProfileInstallerInitializer"
93-->[androidx.profileinstaller:profileinstaller:1.3.0] AndroidManifest.xml:30:17-85
94                android:value="androidx.startup" />
94-->[androidx.profileinstaller:profileinstaller:1.3.0] AndroidManifest.xml:31:17-49
95        </provider>
96
97        <receiver
97-->[androidx.profileinstaller:profileinstaller:1.3.0] AndroidManifest.xml:34:9-52:20
98            android:name="androidx.profileinstaller.ProfileInstallReceiver"
98-->[androidx.profileinstaller:profileinstaller:1.3.0] AndroidManifest.xml:35:13-76
99            android:directBootAware="false"
99-->[androidx.profileinstaller:profileinstaller:1.3.0] AndroidManifest.xml:36:13-44
100            android:enabled="true"
100-->[androidx.profileinstaller:profileinstaller:1.3.0] AndroidManifest.xml:37:13-35
101            android:exported="true"
101-->[androidx.profileinstaller:profileinstaller:1.3.0] AndroidManifest.xml:38:13-36
102            android:permission="android.permission.DUMP" >
102-->[androidx.profileinstaller:profileinstaller:1.3.0] AndroidManifest.xml:39:13-57
103            <intent-filter>
103-->[androidx.profileinstaller:profileinstaller:1.3.0] AndroidManifest.xml:40:13-42:29
104                <action android:name="androidx.profileinstaller.action.INSTALL_PROFILE" />
104-->[androidx.profileinstaller:profileinstaller:1.3.0] AndroidManifest.xml:41:17-91
104-->[androidx.profileinstaller:profileinstaller:1.3.0] AndroidManifest.xml:41:25-88
105            </intent-filter>
106            <intent-filter>
106-->[androidx.profileinstaller:profileinstaller:1.3.0] AndroidManifest.xml:43:13-45:29
107                <action android:name="androidx.profileinstaller.action.SKIP_FILE" />
107-->[androidx.profileinstaller:profileinstaller:1.3.0] AndroidManifest.xml:44:17-85
107-->[androidx.profileinstaller:profileinstaller:1.3.0] AndroidManifest.xml:44:25-82
108            </intent-filter>
109            <intent-filter>
109-->[androidx.profileinstaller:profileinstaller:1.3.0] AndroidManifest.xml:46:13-48:29
110                <action android:name="androidx.profileinstaller.action.SAVE_PROFILE" />
110-->[androidx.profileinstaller:profileinstaller:1.3.0] AndroidManifest.xml:47:17-88
110-->[androidx.profileinstaller:profileinstaller:1.3.0] AndroidManifest.xml:47:25-85
111            </intent-filter>
112            <intent-filter>
112-->[androidx.profileinstaller:profileinstaller:1.3.0] AndroidManifest.xml:49:13-51:29
113                <action android:name="androidx.profileinstaller.action.BENCHMARK_OPERATION" />
113-->[androidx.profileinstaller:profileinstaller:1.3.0] AndroidManifest.xml:50:17-95
113-->[androidx.profileinstaller:profileinstaller:1.3.0] AndroidManifest.xml:50:25-92
114            </intent-filter>
115        </receiver>
116    </application>
117
118</manifest>